# JRE version: OpenJDK Runtime Environment (8.0_152-b06) (build 1.8.0_152-release-1136-b06)
# Java VM: OpenJDK 64-Bit Server VM (25.152-b06 mixed mode windows-amd64 compressed oops)
Heap:
 PSYoungGen      total 38400K, used 9613K [0x00000000e0c00000, 0x00000000e3680000, 0x0000000100000000)
  eden space 33280K, 13% used [0x00000000e0c00000,0x00000000e1064178,0x00000000e2c80000)
  from space 5120K, 99% used [0x00000000e2c80000,0x00000000e317f368,0x00000000e3180000)
  to   space 5120K, 0% used [0x00000000e3180000,0x00000000e3180000,0x00000000e3680000)
 ParOldGen       total 87552K, used 2048K [0x00000000a2400000, 0x00000000a7980000, 0x00000000e0c00000)
  object space 87552K, 2% used [0x00000000a2400000,0x00000000a2600398,0x00000000a7980000)
 Metaspace       used 14071K, capacity 14364K, committed 14464K, reserved 1060864K
  class space    used 1993K, capacity 2148K, committed 2176K, reserved 1048576K
GC Heap History (6 events):
Event: 6.824 GC heap before
{Heap before GC invocations=1 (full 0):
 PSYoungGen      total 38400K, used 33280K [0x00000000e0c00000, 0x00000000e3680000, 0x0000000100000000)
  eden space 33280K, 100% used [0x00000000e0c00000,0x00000000e2c80000,0x00000000e2c80000)
  from space 5120K, 0% used [0x00000000e3180000,0x00000000e3180000,0x00000000e3680000)
  to   space 5120K, 0% used [0x00000000e2c80000,0x00000000e2c80000,0x00000000e3180000)
 ParOldGen       total 87552K, used 0K [0x00000000a2400000, 0x00000000a7980000, 0x00000000e0c00000)
  object space 87552K, 0% used [0x00000000a2400000,0x00000000a2400000,0x00000000a7980000)
 Metaspace       used 6588K, capacity 6670K, committed 6784K, reserved 1056768K
  class space    used 800K, capacity 843K, committed 896K, reserved 1048576K
Event: 6.828 GC heap after
Heap after GC invocations=1 (full 0):
 PSYoungGen      total 38400K, used 4075K [0x00000000e0c00000, 0x00000000e3680000, 0x0000000100000000)
  eden space 33280K, 0% used [0x00000000e0c00000,0x00000000e0c00000,0x00000000e2c80000)
  from space 5120K, 79% used [0x00000000e2c80000,0x00000000e307ad80,0x00000000e3180000)
  to   space 5120K, 0% used [0x00000000e3180000,0x00000000e3180000,0x00000000e3680000)
 ParOldGen       total 87552K, used 8K [0x00000000a2400000, 0x00000000a7980000, 0x00000000e0c00000)
  object space 87552K, 0% used [0x00000000a2400000,0x00000000a2402000,0x00000000a7980000)
 Metaspace       used 6588K, capacity 6670K, committed 6784K, reserved 1056768K
  class space    used 800K, capacity 843K, committed 896K, reserved 1048576K
}
Event: 11.516 GC heap before
{Heap before GC invocations=2 (full 0):
 PSYoungGen      total 38400K, used 37355K [0x00000000e0c00000, 0x00000000e3680000, 0x0000000100000000)
  eden space 33280K, 100% used [0x00000000e0c00000,0x00000000e2c80000,0x00000000e2c80000)
  from space 5120K, 79% used [0x00000000e2c80000,0x00000000e307ad80,0x00000000e3180000)
  to   space 5120K, 0% used [0x00000000e3180000,0x00000000e3180000,0x00000000e3680000)
 ParOldGen       total 87552K, used 8K [0x00000000a2400000, 0x00000000a7980000, 0x00000000e0c00000)
  object space 87552K, 0% used [0x00000000a2400000,0x00000000a2402000,0x00000000a7980000)
 Metaspace       used 10353K, capacity 10594K, committed 10752K, reserved 1058816K
  class space    used 1368K, capacity 1485K, committed 1536K, reserved 1048576K
Event: 11.521 GC heap after
Heap after GC invocations=2 (full 0):
 PSYoungGen      total 38400K, used 5096K [0x00000000e0c00000, 0x00000000e3680000, 0x0000000100000000)
  eden space 33280K, 0% used [0x00000000e0c00000,0x00000000e0c00000,0x00000000e2c80000)
  from space 5120K, 99% used [0x00000000e3180000,0x00000000e367a168,0x00000000e3680000)
  to   space 5120K, 0% used [0x00000000e2c80000,0x00000000e2c80000,0x00000000e3180000)
 ParOldGen       total 87552K, used 117K [0x00000000a2400000, 0x00000000a7980000, 0x00000000e0c00000)
  object space 87552K, 0% used [0x00000000a2400000,0x00000000a241d598,0x00000000a7980000)
 Metaspace       used 10353K, capacity 10594K, committed 10752K, reserved 1058816K
  class space    used 1368K, capacity 1485K, committed 1536K, reserved 1048576K
}
Event: 11.890 GC heap before
{Heap before GC invocations=3 (full 0):
 PSYoungGen      total 38400K, used 38376K [0x00000000e0c00000, 0x00000000e3680000, 0x0000000100000000)
  eden space 33280K, 100% used [0x00000000e0c00000,0x00000000e2c80000,0x00000000e2c80000)
  from space 5120K, 99% used [0x00000000e3180000,0x00000000e367a168,0x00000000e3680000)
  to   space 5120K, 0% used [0x00000000e2c80000,0x00000000e2c80000,0x00000000e3180000)
 ParOldGen       total 87552K, used 117K [0x00000000a2400000, 0x00000000a7980000, 0x00000000e0c00000)
  object space 87552K, 0% used [0x00000000a2400000,0x00000000a241d598,0x00000000a7980000)
 Metaspace       used 13634K, capacity 13948K, committed 14208K, reserved 1060864K
  class space    used 1922K, capacity 2052K, committed 2176K, reserved 1048576K
Event: 11.894 GC heap after
Heap after GC invocations=3 (full 0):
 PSYoungGen      total 38400K, used 5116K [0x00000000e0c00000, 0x00000000e3680000, 0x0000000100000000)
  eden space 33280K, 0% used [0x00000000e0c00000,0x00000000e0c00000,0x00000000e2c80000)
  from space 5120K, 99% used [0x00000000e2c80000,0x00000000e317f368,0x00000000e3180000)
  to   space 5120K, 0% used [0x00000000e3180000,0x00000000e3180000,0x00000000e3680000)
 ParOldGen       total 87552K, used 2048K [0x00000000a2400000, 0x00000000a7980000, 0x00000000e0c00000)
  object space 87552K, 2% used [0x00000000a2400000,0x00000000a2600398,0x00000000a7980000)
 Metaspace       used 13634K, capacity 13948K, committed 14208K, reserved 1060864K
  class space    used 1922K, capacity 2052K, committed 2176K, reserved 1048576K
}

